<?xml version="1.0" encoding="UTF-8"?>
<testsuite xmlns:xsi="http://www.w3.org/2001/XMLSchema-instance" xsi:noNamespaceSchemaLocation="https://maven.apache.org/surefire/maven-surefire-plugin/xsd/surefire-test-report-3.0.xsd" version="3.0" name="io.github.jhipster.registry.gateway.responserewriting.SwaggerBasePathRewritingFilterTest" time="0.115" tests="5" errors="0" skipped="0" failures="0">
  <properties>
[...]
</properties>
  <testcase name="shouldFilter_on_default_swagger_url" classname="io.github.jhipster.registry.gateway.responserewriting.SwaggerBasePathRewritingFilterTest" time="0.006"/>
  <testcase name="shouldNotFilter_on_wrong_url" classname="io.github.jhipster.registry.gateway.responserewriting.SwaggerBasePathRewritingFilterTest" time="0.001"/>
  <testcase name="run_on_valid_response_gzip" classname="io.github.jhipster.registry.gateway.responserewriting.SwaggerBasePathRewritingFilterTest" time="0.087"/>
  <testcase name="run_on_valid_response" classname="io.github.jhipster.registry.gateway.responserewriting.SwaggerBasePathRewritingFilterTest" time="0.004"/>
  <testcase name="shouldFilter_on_default_swagger_url_with_param" classname="io.github.jhipster.registry.gateway.responserewriting.SwaggerBasePathRewritingFilterTest" time="0.001"/>
</testsuite>